[debug] > Exec(early(addDefaultCommands), None, None)
[debug] > Exec(addDefaultCommands, None, None)
[debug] > Exec(early(initialize), None, None)
[debug] > Exec(initialize, None, None)
[debug] > Exec(boot, None, None)
[debug] > Exec(writeSbtVersion, None, None)
[debug] > Exec(reload, None, None)
[debug] > Exec(sbtStashOnFailure, None, None)
[debug] > Exec(onFailure loadFailed, None, None)
[debug] > Exec(loadp, None, None)
[info] welcome to sbt 1.10.5 (Eclipse Adoptium Java 17)
[debug] Load.defaultLoad until apply took 199.1723ms
[debug]                 Load.loadUnit: plugins took 122.3351ms
[debug]                 Load.loadUnit: defsScala took 0.8563ms
[debug] [Loading] Scanning directory D:\ИРИТ\SCALA\curs\project\project
[debug]                   Load.loadUnit: mkEval took 9.7654ms
[debug] [Loading] Found non-root projects 
[debug] [Loading] Done in D:\ИРИТ\SCALA\curs\project\project, returning: ()
[debug] deducing auto plugins based on known facts Set(Atom(sbt.plugins.CorePlugin)) and clauses Clauses(Clause(Atom(sbt.plugins.JvmPlugin),Set(Atom(sbt.plugins.IvyPlugin)))
[debug] Clause(Atom(sbt.ScriptedPlugin),Set(Atom(sbt.plugins.JvmPlugin)))
[debug] Clause(Atom(sbt.plugins.SbtPlugin),Set(Atom(sbt.ScriptedPlugin)))
[debug] Clause(Atom(sbt.plugins.SemanticdbPlugin),Set(Atom(sbt.plugins.JvmPlugin)))
[debug] Clause(Atom(sbt.plugins.JUnitXmlReportPlugin),Set(Atom(sbt.plugins.JvmPlugin)))
[debug] Clause(Atom(sbt.plugins.MiniDependencyTreePlugin),Set(Atom(sbt.plugins.JvmPlugin)))
[debug] Clause(Atom(sbt.plugins.CorePlugin),Set(Atom(sbt.plugins.IvyPlugin)))
[debug] Clause(Atom(sbt.plugins.IvyPlugin),Set(Atom(sbt.plugins.JvmPlugin)))
[debug] Clause(Atom(sbt.plugins.JvmPlugin),Set(Atom(sbt.plugins.SemanticdbPlugin)))
[debug] Clause(Atom(sbt.plugins.JvmPlugin),Set(Atom(sbt.plugins.JUnitXmlReportPlugin)))
[debug] Clause(Atom(sbt.plugins.CorePlugin),Set(Atom(sbt.plugins.Giter8TemplatePlugin)))
[debug] Clause(Atom(sbt.plugins.JvmPlugin),Set(Atom(sbt.plugins.MiniDependencyTreePlugin))))
[debug]   :: deduced result: Matched(sbt.plugins.CorePlugin,sbt.plugins.Giter8TemplatePlugin,sbt.plugins.IvyPlugin,sbt.plugins.JvmPlugin,sbt.plugins.MiniDependencyTreePlugin,sbt.plugins.JUnitXmlReportPlugin,sbt.plugins.SemanticdbPlugin)
[debug] Plugins.deducer#function took 34.8156 ms
[info] loading settings for project curs-build-build from metals.sbt ...
[debug]                     Load.resolveProject(curs-build-build) took 74.1345ms
[debug]                   Load.loadTransitive: finalizeProject(Project(id curs-build-build, base: D:\ИРИТ\SCALA\curs\project\project, plugins: List(<none>))) took 143.1855ms
[debug] [Loading] Done in D:\ИРИТ\SCALA\curs\project\project, returning: (curs-build-build)
[debug]                 Load.loadUnit: loadedProjectsRaw took 767.6935ms
[debug]                 Load.loadUnit: cleanEvalClasses took 16.7416ms
[debug]               Load.loadUnit(file:/D:/ИРИТ/SCALA/curs/project/project/, ...) took 925.0037ms
[debug]             Load.apply: load took 1165.1954ms
[debug]             Load.apply: resolveProjects took 10.7298ms
[debug]             Load.apply: finalTransforms took 112.2821ms
[debug]             Load.apply: config.delegates took 11.6053ms
[debug]             Load.apply: Def.make(settings)... took 531.7508ms
[debug]             Load.apply: structureIndex took 168.2678ms
[debug]             Load.apply: mkStreams took 2.3512ms
[info] loading project definition from D:\ИРИТ\SCALA\curs\project\project
[debug] Running task... Cancel: Signal, check cycles: false, forcegc: true
[debug]           Load.loadUnit: plugins took 3450.1456ms
[debug]           Load.loadUnit: defsScala took 0.0069ms
[debug] [Loading] Scanning directory D:\ИРИТ\SCALA\curs\project
[debug]             Load.loadUnit: mkEval took 0.6665ms
[debug] [Loading] Found non-root projects 
[debug] [Loading] Done in D:\ИРИТ\SCALA\curs\project, returning: ()
[debug] deducing auto plugins based on known facts Set(Atom(sbt.plugins.CorePlugin)) and clauses Clauses(Clause(Atom(sbt.plugins.JvmPlugin),Set(Atom(sbt.plugins.IvyPlugin)))
[debug] Clause(Atom(sbt.ScriptedPlugin),Set(Atom(sbt.plugins.JvmPlugin)))
[debug] Clause(Atom(sbt.plugins.SbtPlugin),Set(Atom(sbt.ScriptedPlugin)))
[debug] Clause(Atom(sbt.plugins.SemanticdbPlugin),Set(Atom(sbt.plugins.JvmPlugin)))
[debug] Clause(Atom(sbt.plugins.JUnitXmlReportPlugin),Set(Atom(sbt.plugins.JvmPlugin)))
[debug] Clause(Atom(sbt.plugins.MiniDependencyTreePlugin),Set(Atom(sbt.plugins.JvmPlugin)))
[debug] Clause(Atom(bloop.integrations.sbt.BloopPlugin),Set(Atom(sbt.plugins.JvmPlugin)))
[debug] Clause(Atom(sbt.plugins.CorePlugin),Set(Atom(sbt.plugins.IvyPlugin)))
[debug] Clause(Atom(sbt.plugins.IvyPlugin),Set(Atom(sbt.plugins.JvmPlugin)))
[debug] Clause(Atom(sbt.plugins.JvmPlugin),Set(Atom(sbt.plugins.SemanticdbPlugin)))
[debug] Clause(Atom(sbt.plugins.JvmPlugin),Set(Atom(sbt.plugins.JUnitXmlReportPlugin)))
[debug] Clause(Atom(sbt.plugins.CorePlugin),Set(Atom(sbt.plugins.Giter8TemplatePlugin)))
[debug] Clause(Atom(sbt.plugins.JvmPlugin),Set(Atom(sbt.plugins.MiniDependencyTreePlugin)))
[debug] Clause(Atom(sbt.plugins.JvmPlugin),Set(Atom(bloop.integrations.sbt.BloopPlugin))))
[debug]   :: deduced result: Matched(sbt.plugins.CorePlugin,sbt.plugins.Giter8TemplatePlugin,sbt.plugins.IvyPlugin,sbt.plugins.JvmPlugin,bloop.integrations.sbt.BloopPlugin,sbt.plugins.MiniDependencyTreePlugin,sbt.plugins.JUnitXmlReportPlugin,sbt.plugins.SemanticdbPlugin)
[debug] Plugins.deducer#function took 2.5922 ms
[info] loading settings for project curs-build from metals.sbt ...
[debug]               Load.resolveProject(curs-build) took 26.1591ms
[debug]             Load.loadTransitive: finalizeProject(Project(id curs-build, base: D:\ИРИТ\SCALA\curs\project, plugins: List(<none>))) took 29.6174ms
[debug] [Loading] Done in D:\ИРИТ\SCALA\curs\project, returning: (curs-build)
[debug]           Load.loadUnit: loadedProjectsRaw took 71.5036ms
[debug]           Load.loadUnit: cleanEvalClasses took 4.2671ms
[debug]         Load.loadUnit(file:/D:/ИРИТ/SCALA/curs/project/, ...) took 3527.6005ms
[debug]       Load.apply: load took 3530.906ms
[debug]       Load.apply: resolveProjects took 0.2056ms
[debug]       Load.apply: finalTransforms took 31.1013ms
[debug]       Load.apply: config.delegates took 0.5363ms
[debug]       Load.apply: Def.make(settings)... took 130.7793ms
[debug]       Load.apply: structureIndex took 52.3199ms
[debug]       Load.apply: mkStreams took 0.0042ms
[info] loading project definition from D:\ИРИТ\SCALA\curs\project
[debug] Evaluating tasks: bloopInstall
[debug] Running task... Cancel: Signal, check cycles: false, forcegc: true
[success] Generated .bloop\curs-build.json
[success] Total time: 3 s, completed 5 июн. 2025 г., 18:06:42
[debug] Running task... Cancel: Signal, check cycles: false, forcegc: true
[debug]     Load.loadUnit: plugins took 7488.7333ms
[debug]     Load.loadUnit: defsScala took 0.0102ms
[debug] [Loading] Scanning directory D:\ИРИТ\SCALA\curs
[debug]       Load.loadUnit: mkEval took 0.5648ms
[debug] [Loading] Found non-root projects 
[debug] [Loading] Done in D:\ИРИТ\SCALA\curs, returning: ()
[debug] deducing auto plugins based on known facts Set(Atom(sbt.plugins.CorePlugin)) and clauses Clauses(Clause(Atom(sbt.plugins.JvmPlugin),Set(Atom(sbt.plugins.IvyPlugin)))
[debug] Clause(Atom(sbt.ScriptedPlugin),Set(Atom(sbt.plugins.JvmPlugin)))
[debug] Clause(Atom(sbt.plugins.SbtPlugin),Set(Atom(sbt.ScriptedPlugin)))
[debug] Clause(Atom(sbt.plugins.SemanticdbPlugin),Set(Atom(sbt.plugins.JvmPlugin)))
[debug] Clause(Atom(sbt.plugins.JUnitXmlReportPlugin),Set(Atom(sbt.plugins.JvmPlugin)))
[debug] Clause(Atom(sbt.plugins.MiniDependencyTreePlugin),Set(Atom(sbt.plugins.JvmPlugin)))
[debug] Clause(Atom(bloop.integrations.sbt.BloopPlugin),Set(Atom(sbt.plugins.JvmPlugin)))
[debug] Clause(Atom(sbt.plugins.CorePlugin),Set(Atom(sbt.plugins.IvyPlugin)))
[debug] Clause(Atom(sbt.plugins.IvyPlugin),Set(Atom(sbt.plugins.JvmPlugin)))
[debug] Clause(Atom(sbt.plugins.JvmPlugin),Set(Atom(sbt.plugins.SemanticdbPlugin)))
[debug] Clause(Atom(sbt.plugins.JvmPlugin),Set(Atom(sbt.plugins.JUnitXmlReportPlugin)))
[debug] Clause(Atom(sbt.plugins.CorePlugin),Set(Atom(sbt.plugins.Giter8TemplatePlugin)))
[debug] Clause(Atom(sbt.plugins.JvmPlugin),Set(Atom(sbt.plugins.MiniDependencyTreePlugin)))
[debug] Clause(Atom(sbt.plugins.JvmPlugin),Set(Atom(bloop.integrations.sbt.BloopPlugin))))
[debug]   :: deduced result: Matched(sbt.plugins.CorePlugin,sbt.plugins.Giter8TemplatePlugin,sbt.plugins.IvyPlugin,sbt.plugins.JvmPlugin,bloop.integrations.sbt.BloopPlugin,sbt.plugins.MiniDependencyTreePlugin,sbt.plugins.JUnitXmlReportPlugin,sbt.plugins.SemanticdbPlugin)
[debug] Plugins.deducer#function took 2.6027 ms
[info] loading settings for project curs from build.sbt ...
[debug]         Load.resolveProject(curs) took 27.5522ms
[debug]       Load.loadTransitive: finalizeProject(Project(id curs, base: D:\ИРИТ\SCALA\curs, plugins: List(<none>))) took 31.192ms
[debug] [Loading] Done in D:\ИРИТ\SCALA\curs, returning: (curs)
[debug]     Load.loadUnit: loadedProjectsRaw took 2739.7206ms
[debug]     Load.loadUnit: cleanEvalClasses took 22.8207ms
[debug]   Load.loadUnit(file:/D:/ИРИТ/SCALA/curs/, ...) took 10254.3265ms
[debug] Load.apply: load took 10310.872ms
[debug] Load.apply: resolveProjects took 0.2079ms
[debug] Load.apply: finalTransforms took 25.3534ms
[debug] Load.apply: config.delegates took 0.479ms
[debug] Load.apply: Def.make(settings)... took 76.4147ms
[debug] Load.apply: structureIndex took 40.0115ms
[debug] Load.apply: mkStreams took 0.0055ms
[info] set current project to hello-world (in build file:/D:/ИРИТ/SCALA/curs/)
[debug] > Exec(sbtPopOnFailure, None, None)
[debug] > Exec(resumeFromFailure, None, None)
[debug] > Exec(notifyUsersAboutShell, None, None)
[debug] > Exec(iflast shell, None, None)
[debug] > Exec(bloopInstall, None, None)
[debug] Evaluating tasks: bloopInstall
[debug] Running task... Cancel: Signal, check cycles: false, forcegc: true
